<?xml version="1.0" encoding="UTF-8"?>
<testng-results skipped="0" failed="0" total="6" passed="6">
  <reporter-output>
  </reporter-output>
  <suite name="Default suite" duration-ms="54247" started-at="2015-05-10T14:48:15Z" finished-at="2015-05-10T14:49:09Z">
    <groups>
    </groups>
    <test name="Default test" duration-ms="54247" started-at="2015-05-10T14:48:15Z" finished-at="2015-05-10T14:49:09Z">
      <class name="com.testMyksrtc">
        <test-method status="PASS" signature="beforeTest1()[pri:0, instance:com.testMyksrtc@1888ff2c]" name="beforeTest1" is-config="true" duration-ms="4042" started-at="2015-05-10T20:18:15Z" finished-at="2015-05-10T20:18:19Z">
          <reporter-output>
          </reporter-output>
        </test-method> <!-- beforeTest1 -->
        <test-method status="PASS" signature="test1()[pri:0, instance:com.testMyksrtc@1888ff2c]" name="test1" duration-ms="18069" started-at="2015-05-10T20:18:19Z" finished-at="2015-05-10T20:18:37Z">
          <reporter-output>
          </reporter-output>
        </test-method> <!-- test1 -->
        <test-method status="PASS" signature="test2()[pri:0, instance:com.testMyksrtc@1888ff2c]" name="test2" duration-ms="22786" started-at="2015-05-10T20:18:37Z" finished-at="2015-05-10T20:19:00Z">
          <reporter-output>
          </reporter-output>
        </test-method> <!-- test2 -->
        <test-method status="PASS" signature="test3()[pri:0, instance:com.testMyksrtc@1888ff2c]" name="test3" duration-ms="3204" started-at="2015-05-10T20:19:00Z" finished-at="2015-05-10T20:19:03Z">
          <reporter-output>
          </reporter-output>
        </test-method> <!-- test3 -->
        <test-method status="PASS" signature="test4()[pri:0, instance:com.testMyksrtc@1888ff2c]" name="test4" duration-ms="204" started-at="2015-05-10T20:19:03Z" finished-at="2015-05-10T20:19:03Z">
          <reporter-output>
          </reporter-output>
        </test-method> <!-- test4 -->
        <test-method status="PASS" signature="oneWaySearch()[pri:0, instance:com.testMyksrtc@1888ff2c]" name="oneWaySearch" duration-ms="4766" started-at="2015-05-10T20:19:03Z" finished-at="2015-05-10T20:19:08Z">
          <reporter-output>
          </reporter-output>
        </test-method> <!-- oneWaySearch -->
        <test-method status="PASS" signature="readDetailsBus()[pri:0, instance:com.testMyksrtc@1888ff2c]" name="readDetailsBus" duration-ms="215" started-at="2015-05-10T20:19:08Z" finished-at="2015-05-10T20:19:08Z">
          <reporter-output>
          </reporter-output>
        </test-method> <!-- readDetailsBus -->
        <test-method status="PASS" signature="afterTest()[pri:0, instance:com.testMyksrtc@1888ff2c]" name="afterTest" is-config="true" duration-ms="931" started-at="2015-05-10T20:19:08Z" finished-at="2015-05-10T20:19:09Z">
          <reporter-output>
          </reporter-output>
        </test-method> <!-- afterTest -->
      </class> <!-- com.testMyksrtc -->
    </test> <!-- Default test -->
  </suite> <!-- Default suite -->
</testng-results>
